<?xml version="1.0" encoding="UTF-8"?>
<testsuite name="com.example.hw2.game.GameEngineTest" tests="8" skipped="0" failures="0" errors="0" timestamp="2026-06-18T16:12:05" hostname="IDO_YOGA_BOOK_9" time="0.063">
  <properties/>
  <testcase name="initial state is centred, full lives, zero score" classname="com.example.hw2.game.GameEngineTest" time="0.013"/>
  <testcase name="tick advances the odometer" classname="com.example.hw2.game.GameEngineTest" time="0.041"/>
  <testcase name="obstacle reaching the car costs a life" classname="com.example.hw2.game.GameEngineTest" time="0.001"/>
  <testcase name="setLane clamps out-of-range lanes" classname="com.example.hw2.game.GameEngineTest" time="0.004"/>
  <testcase name="three crashes end the game" classname="com.example.hw2.game.GameEngineTest" time="0.0"/>
  <testcase name="coins are collected and counted in the score" classname="com.example.hw2.game.GameEngineTest" time="0.0"/>
  <testcase name="reset restores a fresh game" classname="com.example.hw2.game.GameEngineTest" time="0.0"/>
  <testcase name="moveCar is clamped to the road" classname="com.example.hw2.game.GameEngineTest" time="0.001"/>
  <system-out><![CDATA[]]></system-out>
  <system-err><![CDATA[]]></system-err>
</testsuite>
